Base path: '/Applications/Unity/Hub/Editor/2019.4.13f1/Unity.app/Contents', plugins path '/Applications/Unity/Hub/Editor/2019.4.13f1/PlaybackEngines'
Cmd: initializeCompiler
Cmd: translateComputeKernel
  api=14 insize=1126 outsize=869 ok=1
Cmd: compileComputeKernel
  api=14 insize=9809 outsize=15741 ok=1
Cmd: translateComputeKernel
  api=14 insize=14739 outsize=18938 ok=1
Cmd: compileComputeKernel
  api=14 insize=4823 outsize=1161 ok=1
Cmd: translateComputeKernel
  api=14 insize=1360 outsize=1322 ok=1
Cmd: compileComputeKernel
  api=9 insize=1372 outsize=1469 ok=1
Cmd: compileComputeKernel
  api=14 insize=40264 outsize=56589 ok=1
Cmd: translateComputeKernel
  api=14 insize=54257 outsize=111328 ok=1
Cmd: translateComputeKernel
  api=14 insize=9668 outsize=11528 ok=1
Cmd: compileComputeKernel
  api=14 insize=7840 outsize=45391 ok=1
Cmd: translateComputeKernel
  api=14 insize=45391 outsize=78117 ok=1
Cmd: translateComputeKernel
  api=14 insize=10560 outsize=12259 ok=1
Cmd: translateComputeKernel
  api=14 insize=11708 outsize=14431 ok=1
Cmd: compileComputeKernel
  api=14 insize=6745 outsize=11530 ok=1
Cmd: translateComputeKernel
  api=14 insize=13470 outsize=17335 ok=1
Cmd: compileComputeKernel
  api=9 insize=9103 outsize=4661 ok=1
Cmd: compileComputeKernel
  api=14 insize=26542 outsize=17507 ok=1
Cmd: compileComputeKernel
  api=14 insize=16295 outsize=121520 ok=1
Cmd: compileComputeKernel
  api=14 insize=16295 outsize=100381 ok=1
Cmd: translateComputeKernel
  api=14 insize=74997 outsize=156067 ok=1
Cmd: translateComputeKernel
  api=14 insize=122125 outsize=289254 ok=1
Cmd: compileComputeKernel
  api=14 insize=5893 outsize=5793 ok=1
Cmd: translateComputeKernel
  api=14 insize=1799 outsize=2127 ok=1
Cmd: compileComputeKernel
  api=14 insize=3549 outsize=13241 ok=1
Cmd: translateComputeKernel
  api=14 insize=13241 outsize=18395 ok=1
Cmd: translateComputeKernel
  api=14 insize=10763 outsize=13757 ok=1
Cmd: translateComputeKernel
  api=14 insize=1870 outsize=2334 ok=1
Cmd: compileComputeKernel
  api=9 insize=10587 outsize=17919 ok=1
Cmd: compileComputeKernel
  api=14 insize=21596 outsize=36184 ok=1
Cmd: translateComputeKernel
  api=14 insize=650 outsize=570 ok=1
Cmd: translateComputeKernel
  api=14 insize=4569 outsize=7195 ok=1
Cmd: compileComputeKernel
  api=14 insize=9809 outsize=14526 ok=1
Cmd: translateComputeKernel
  api=14 insize=14681 outsize=18830 ok=1
Cmd: compileComputeKernel
  api=14 insize=4823 outsize=12039 ok=1
Cmd: translateComputeKernel
  api=14 insize=12034 outsize=14913 ok=1
Cmd: compileComputeKernel
  api=14 insize=40264 outsize=56589 ok=1
Cmd: translateComputeKernel
  api=14 insize=56001 outsize=114356 ok=1
Cmd: compileComputeKernel
  api=14 insize=3450 outsize=9668 ok=1
Cmd: compileComputeKernel
  api=14 insize=22295 outsize=16409 ok=1
Cmd: translateComputeKernel
  api=14 insize=12174 outsize=18981 ok=1
Cmd: translateComputeKernel
  api=14 insize=11708 outsize=14431 ok=1
Cmd: compileComputeKernel
  api=14 insize=6745 outsize=10492 ok=1
Cmd: translateComputeKernel
  api=14 insize=11362 outsize=14221 ok=1
Cmd: translateComputeKernel
  api=14 insize=4975 outsize=8187 ok=1
Cmd: translateComputeKernel
  api=14 insize=18125 outsize=34050 ok=1
Cmd: compileComputeKernel
  api=14 insize=16295 outsize=64046 ok=1
Cmd: compileComputeKernel
  api=14 insize=16295 outsize=97880 ok=1
Cmd: compileComputeKernel
  api=14 insize=16295 outsize=65416 ok=1
Cmd: translateComputeKernel
  api=14 insize=36122 outsize=63241 ok=1
Cmd: translateComputeKernel
  api=14 insize=67572 outsize=137385 ok=1
Cmd: translateComputeKernel
  api=14 insize=49411 outsize=91290 ok=1
Cmd: translateComputeKernel
  api=14 insize=28105 outsize=45484 ok=1
Cmd: translateComputeKernel
  api=14 insize=67400 outsize=138991 ok=1
Cmd: translateComputeKernel
  api=14 insize=56330 outsize=109456 ok=1
Cmd: translateComputeKernel
  api=14 insize=77653 outsize=162489 ok=1
Cmd: translateComputeKernel
  api=14 insize=3796 outsize=6318 ok=1
Cmd: translateComputeKernel
  api=14 insize=10077 outsize=11659 ok=1
Cmd: translateComputeKernel
  api=14 insize=19166 outsize=28691 ok=1
Cmd: compileComputeKernel
  api=14 insize=13959 outsize=3328 ok=1
Cmd: compileSnippet
  api=14 type=0 insize=6948 outsize=6660 kw=UNITY_PASS_SHADOWCASTER _NORMALMAP_TANGENT_SPACE pd=UNITY_ENABLE_REFLECTION_BUFFERS UNITY_USE_DITHER_MASK_FOR_ALPHABLENDED_SHADOWS UNITY_PBS_USE_BRDF1 UNITY_SPECCUBE_BOX_PROJECTION UNITY_SPECCUBE_BLENDING UNITY_ENABLE_DETAIL_NORMALMAP SHADER_API_DESKTOP UNITY_LIGHT_PROBE_PROXY_VOLUME UNITY_LIGHTMAP_FULL_HDR ok=1
Cmd: compileSnippet
  api=14 type=0 insize=7331 outsize=9056 kw=UNITY_PASS_MOTIONVECTORS _NORMALMAP_TANGENT_SPACE pd=UNITY_ENABLE_REFLECTION_BUFFERS UNITY_USE_DITHER_MASK_FOR_ALPHABLENDED_SHADOWS UNITY_PBS_USE_BRDF1 UNITY_SPECCUBE_BOX_PROJECTION UNITY_SPECCUBE_BLENDING UNITY_ENABLE_DETAIL_NORMALMAP SHADER_API_DESKTOP UNITY_LIGHT_PROBE_PROXY_VOLUME UNITY_LIGHTMAP_FULL_HDR ok=1

Quitting shader compiler process
